Using pre-set license
Built from '2021.1/staging' branch; Version is '2021.1.20f1 (be552157821d) revision 12473633'; Using compiler version '192528614'; Build Type 'Release'
OS: 'Windows 10 Home; OS build 19041.1237; Version 2004; 64bit' Language: 'en' Physical Memory: 8075 MB
BatchMode: 1, IsHumanControllingUs: 0, StartBugReporterOnCrash: 0, Is64bit: 1, IsPro: 0

COMMAND LINE ARGUMENTS:
C:\Program Files\Unity\Hub\Editor\2021.1.20f1\Editor\Unity.exe
-adb2
-batchMode
-noUpm
-name
AssetImportWorker16
-projectPath
C:/Users/Joey's PC/Desktop/School/Fall 2021/SocialGameDesign/Midterm/Joseph_Di_Lisi_Midterm_Practical
-logFile
Logs/AssetImportWorker16.log
-srvPort
61778
Successfully changed project path to: C:/Users/Joey's PC/Desktop/School/Fall 2021/SocialGameDesign/Midterm/Joseph_Di_Lisi_Midterm_Practical
C:/Users/Joey's PC/Desktop/School/Fall 2021/SocialGameDesign/Midterm/Joseph_Di_Lisi_Midterm_Practical
Using Asset Import Pipeline V2.
Refreshing native plugins compatible for Editor in 447.18 ms, found 3 plugins.
Preloading 0 native plugins for Editor in 0.00 ms.
Initialize engine version: 2021.1.20f1 (be552157821d)
[Subsystems] Discovering subsystems at path C:/Program Files/Unity/Hub/Editor/2021.1.20f1/Editor/Data/Resources/UnitySubsystems
[Subsystems] Discovering subsystems at path C:/Users/Joey's PC/Desktop/School/Fall 2021/SocialGameDesign/Midterm/Joseph_Di_Lisi_Midterm_Practical/Assets
GfxDevice: creating device client; threaded=0; jobified=0
Direct3D:
    Version:  Direct3D 11.0 [level 11.1]
    Renderer: NVIDIA GeForce GTX 1050 (ID=0x1c8d)
    Vendor:   NVIDIA
    VRAM:     4019 MB
    Driver:   26.21.14.4223
Initialize mono
Mono path[0] = 'C:/Program Files/Unity/Hub/Editor/2021.1.20f1/Editor/Data/Managed'
Mono path[1] = 'C:/Program Files/Unity/Hub/Editor/2021.1.20f1/Editor/Data/MonoBleedingEdge/lib/mono/unityjit'
Mono config path = 'C:/Program Files/Unity/Hub/Editor/2021.1.20f1/Editor/Data/MonoBleedingEdge/etc'
Using monoOptions --debugger-agent=transport=dt_socket,embedding=1,server=y,suspend=n,address=127.0.0.1:56000
Begin MonoManager ReloadAssembly
Registering precompiled unity dll's ...
Register platform support module: C:/Program Files/Unity/Hub/Editor/2021.1.20f1/Editor/Data/PlaybackEngines/WebGLSupport/UnityEditor.WebGL.Extensions.dll
Register platform support module: C:/Program Files/Unity/Hub/Editor/2021.1.20f1/Editor/Data/PlaybackEngines/WindowsStandaloneSupport/UnityEditor.WindowsStandalone.Extensions.dll
Registered in 0.008233 seconds.
Native extension for WindowsStandalone target not found
Native extension for WebGL target not found
Refreshing native plugins compatible for Editor in 175.04 ms, found 3 plugins.
Preloading 0 native plugins for Editor in 0.00 ms.
Mono: successfully reloaded assembly
- Completed reload, in  5.999 seconds
Domain Reload Profiling:
	ReloadAssembly (5999ms)
		BeginReloadAssembly (638ms)
			ExecutionOrderSort (0ms)
			DisableScriptedObjects (0ms)
			BackupInstance (0ms)
			ReleaseScriptingObjects (0ms)
			CreateAndSetChildDomain (6ms)
		EndReloadAssembly (830ms)
			LoadAssemblies (602ms)
			RebuildTransferFunctionScriptingTraits (0ms)
			SetupTypeCache (334ms)
			ReleaseScriptCaches (0ms)
			RebuildScriptCaches (42ms)
			SetupLoadedEditorAssemblies (366ms)
				LogAssemblyErrors (0ms)
				InitializePlatformSupportModulesInManaged (12ms)
				SetLoadedEditorAssemblies (0ms)
				RefreshPlugins (175ms)
				BeforeProcessingInitializeOnLoad (3ms)
				ProcessInitializeOnLoadAttributes (136ms)
				ProcessInitializeOnLoadMethodAttributes (40ms)
				AfterProcessingInitializeOnLoad (0ms)
				EditorAssembliesLoaded (0ms)
			ExecutionOrderSort2 (0ms)
			AwakeInstancesAfterBackupRestoration (0ms)
Platform modules already initialized, skipping
Registering precompiled user dll's ...
Registered in 0.014135 seconds.
Begin MonoManager ReloadAssembly
Symbol file LoadedFromMemory doesn't match image C:\Users\Joey's PC\Desktop\School\Fall 2021\SocialGameDesign\Midterm\Joseph_Di_Lisi_Midterm_Practical\Library\PackageCache\com.unity.visualscripting@1.6.1\Editor\VisualScripting.Core\Dependencies\DotNetZip\Unity.VisualScripting.IonicZip.dll
Symbol file LoadedFromMemory doesn't match image C:\Users\Joey's PC\Desktop\School\Fall 2021\SocialGameDesign\Midterm\Joseph_Di_Lisi_Midterm_Practical\Library\PackageCache\com.unity.visualscripting@1.6.1\Editor\VisualScripting.Core\Dependencies\YamlDotNet\Unity.VisualScripting.YamlDotNet.dll
Native extension for WindowsStandalone target not found
Native extension for WebGL target not found
Refreshing native plugins compatible for Editor in 1.01 ms, found 3 plugins.
Preloading 0 native plugins for Editor in 0.00 ms.
Mono: successfully reloaded assembly
- Completed reload, in  2.791 seconds
Domain Reload Profiling:
	ReloadAssembly (2792ms)
		BeginReloadAssembly (284ms)
			ExecutionOrderSort (0ms)
			DisableScriptedObjects (6ms)
			BackupInstance (0ms)
			ReleaseScriptingObjects (0ms)
			CreateAndSetChildDomain (28ms)
		EndReloadAssembly (2412ms)
			LoadAssemblies (243ms)
			RebuildTransferFunctionScriptingTraits (0ms)
			SetupTypeCache (515ms)
			ReleaseScriptCaches (1ms)
			RebuildScriptCaches (81ms)
			SetupLoadedEditorAssemblies (1497ms)
				LogAssemblyErrors (0ms)
				InitializePlatformSupportModulesInManaged (8ms)
				SetLoadedEditorAssemblies (0ms)
				RefreshPlugins (1ms)
				BeforeProcessingInitializeOnLoad (140ms)
				ProcessInitializeOnLoadAttributes (1215ms)
				ProcessInitializeOnLoadMethodAttributes (119ms)
				AfterProcessingInitializeOnLoad (11ms)
				EditorAssembliesLoaded (0ms)
			ExecutionOrderSort2 (0ms)
			AwakeInstancesAfterBackupRestoration (11ms)
Platform modules already initialized, skipping
========================================================================
Worker process is ready to serve import requests
Launched and connected shader compiler UnityShaderCompiler.exe after 0.28 seconds
Refreshing native plugins compatible for Editor in 1.08 ms, found 3 plugins.
Preloading 0 native plugins for Editor in 0.00 ms.
Unloading 3798 Unused Serialized files (Serialized files now loaded: 0)
System memory in use before: 139.2 MB.
System memory in use after: 139.4 MB.

Unloading 61 unused Assets to reduce memory usage. Loaded Objects now: 4217.
Total: 10.394100 ms (FindLiveObjects: 0.298700 ms CreateObjectMapping: 0.235600 ms MarkObjects: 9.534900 ms  DeleteObjects: 0.322800 ms)

AssetImportParameters requested are different than current active one (requested -> active):
  custom:framework-win-MediaFoundation: 216162199b28c13a410421893ffa2e32 -> 
  custom:video-decoder-ogg-theora: a1e56fd34408186e4bbccfd4996cb3dc -> 
  custom:container-muxer-webm: aa71ff27fc2769a1b78a27578f13a17b -> 
  custom:container-demuxer-webm: 4f35f7cbe854078d1ac9338744f61a02 -> 
  custom:container-demuxer-ogg: 62fdf1f143b41e24485cea50d1cbac27 -> 
  custom:video-encoder-webm-vp8: eb34c28f22e8b96e1ab97ce403110664 -> 
  custom:video-decoder-webm-vp8: 9c59270c3fd7afecdb556c50c9e8de78 -> 
  custom:audio-decoder-ogg-vorbis: bf7c407c2cedff20999df2af8eb42d56 -> 
  custom:audio-encoder-webm-vorbis: bf7c407c2cedff20999df2af8eb42d56 -> 
========================================================================
Received Import Request.
  path: Assets/Models/Characters/Ghost.fbx
  artifactKey: Guid(563ac48ff656d49478fd93213f4c0eb8) Importer(815301076,1909f56bfc062723c751e8b465ee728b)
Start importing Assets/Models/Characters/Ghost.fbx using Guid(563ac48ff656d49478fd93213f4c0eb8) Importer(815301076,1909f56bfc062723c751e8b465ee728b)  -> (artifact id: '47aac01d841dc1e0201ae3bf8ed7f502') in 2.433667 seconds 
========================================================================
Received Import Request.
  Time since last request: 0.000605 seconds.
  path: Assets/Models/Chest/coins.FBX
  artifactKey: Guid(dd8ebbdcc572196408a6805681c6a297) Importer(815301076,1909f56bfc062723c751e8b465ee728b)
Start importing Assets/Models/Chest/coins.FBX using Guid(dd8ebbdcc572196408a6805681c6a297) Importer(815301076,1909f56bfc062723c751e8b465ee728b)  -> (artifact id: '122232369d6f84fe7c67649a63520e17') in 0.249721 seconds 
========================================================================
Received Import Request.
  Time since last request: 0.000602 seconds.
  path: Assets/Models/Characters/Gargoyle.fbx
  artifactKey: Guid(d3312d02a690eda48bd6807bf5c78084) Importer(815301076,1909f56bfc062723c751e8b465ee728b)
Start importing Assets/Models/Characters/Gargoyle.fbx using Guid(d3312d02a690eda48bd6807bf5c78084) Importer(815301076,1909f56bfc062723c751e8b465ee728b)  -> (artifact id: '2529a5a2250df9b53c5011d3fd4a1db7') in 1.443795 seconds 
========================================================================
Received Import Request.
  Time since last request: 0.000466 seconds.
  path: Assets/Models/Characters/JohnLemon.fbx
  artifactKey: Guid(b44f3940c4940544a8c2c6aee5fa086f) Importer(815301076,1909f56bfc062723c751e8b465ee728b)
Start importing Assets/Models/Characters/JohnLemon.fbx using Guid(b44f3940c4940544a8c2c6aee5fa086f) Importer(815301076,1909f56bfc062723c751e8b465ee728b)  -> (artifact id: 'f93763ea15cafb1f709a7a8d3e2bf7df') in 0.512243 seconds 
========================================================================
Received Prepare
Registering precompiled user dll's ...
Registered in 0.012974 seconds.
Begin MonoManager ReloadAssembly
Symbol file LoadedFromMemory doesn't match image C:\Users\Joey's PC\Desktop\School\Fall 2021\SocialGameDesign\Midterm\Joseph_Di_Lisi_Midterm_Practical\Library\PackageCache\com.unity.visualscripting@1.6.1\Editor\VisualScripting.Core\Dependencies\DotNetZip\Unity.VisualScripting.IonicZip.dll
Symbol file LoadedFromMemory doesn't match image C:\Users\Joey's PC\Desktop\School\Fall 2021\SocialGameDesign\Midterm\Joseph_Di_Lisi_Midterm_Practical\Library\PackageCache\com.unity.visualscripting@1.6.1\Editor\VisualScripting.Core\Dependencies\YamlDotNet\Unity.VisualScripting.YamlDotNet.dll
Native extension for WindowsStandalone target not found
Native extension for WebGL target not found
Refreshing native plugins compatible for Editor in 1.13 ms, found 3 plugins.
Preloading 0 native plugins for Editor in 0.00 ms.
Mono: successfully reloaded assembly
- Completed reload, in  2.119 seconds
Domain Reload Profiling:
	ReloadAssembly (2119ms)
		BeginReloadAssembly (233ms)
			ExecutionOrderSort (0ms)
			DisableScriptedObjects (9ms)
			BackupInstance (0ms)
			ReleaseScriptingObjects (0ms)
			CreateAndSetChildDomain (61ms)
		EndReloadAssembly (1800ms)
			LoadAssemblies (201ms)
			RebuildTransferFunctionScriptingTraits (0ms)
			SetupTypeCache (593ms)
			ReleaseScriptCaches (2ms)
			RebuildScriptCaches (75ms)
			SetupLoadedEditorAssemblies (765ms)
				LogAssemblyErrors (0ms)
				InitializePlatformSupportModulesInManaged (12ms)
				SetLoadedEditorAssemblies (1ms)
				RefreshPlugins (1ms)
				BeforeProcessingInitializeOnLoad (146ms)
				ProcessInitializeOnLoadAttributes (492ms)
				ProcessInitializeOnLoadMethodAttributes (90ms)
				AfterProcessingInitializeOnLoad (22ms)
				EditorAssembliesLoaded (0ms)
			ExecutionOrderSort2 (0ms)
			AwakeInstancesAfterBackupRestoration (12ms)
Platform modules already initialized, skipping
Refreshing native plugins compatible for Editor in 1.10 ms, found 3 plugins.
Preloading 0 native plugins for Editor in 0.00 ms.
Unloading 3760 Unused Serialized files (Serialized files now loaded: 0)
System memory in use before: 140.4 MB.
System memory in use after: 140.7 MB.

Unloading 52 unused Assets to reduce memory usage. Loaded Objects now: 4229.
Total: 9.723100 ms (FindLiveObjects: 0.435100 ms CreateObjectMapping: 0.265900 ms MarkObjects: 8.975900 ms  DeleteObjects: 0.044500 ms)

AssetImportParameters requested are different than current active one (requested -> active):
  custom:framework-win-MediaFoundation: 216162199b28c13a410421893ffa2e32 -> 
  custom:video-decoder-ogg-theora: a1e56fd34408186e4bbccfd4996cb3dc -> 
  custom:container-muxer-webm: aa71ff27fc2769a1b78a27578f13a17b -> 
  custom:container-demuxer-webm: 4f35f7cbe854078d1ac9338744f61a02 -> 
  custom:container-demuxer-ogg: 62fdf1f143b41e24485cea50d1cbac27 -> 
  custom:video-encoder-webm-vp8: eb34c28f22e8b96e1ab97ce403110664 -> 
  custom:video-decoder-webm-vp8: 9c59270c3fd7afecdb556c50c9e8de78 -> 
  custom:audio-decoder-ogg-vorbis: bf7c407c2cedff20999df2af8eb42d56 -> 
  custom:audio-encoder-webm-vorbis: bf7c407c2cedff20999df2af8eb42d56 -> 
========================================================================
Received Import Request.
  Time since last request: 397.083189 seconds.
  path: Assets/Models/Corridor/CeilingPlane.fbx
  artifactKey: Guid(4aa23393587d7204bbc9f4a30599bf61) Importer(815301076,1909f56bfc062723c751e8b465ee728b)
Start importing Assets/Models/Corridor/CeilingPlane.fbx using Guid(4aa23393587d7204bbc9f4a30599bf61) Importer(815301076,1909f56bfc062723c751e8b465ee728b)  -> (artifact id: '8a312baa86f29826a65281a504288e90') in 0.726328 seconds 
========================================================================
Received Import Request.
  Time since last request: 0.000602 seconds.
  path: Assets/Models/Corridor/PictureFrame_Wolf.FBX
  artifactKey: Guid(16359bd0c00e50e4580e93430782bac3) Importer(815301076,1909f56bfc062723c751e8b465ee728b)
Start importing Assets/Models/Corridor/PictureFrame_Wolf.FBX using Guid(16359bd0c00e50e4580e93430782bac3) Importer(815301076,1909f56bfc062723c751e8b465ee728b)  -> (artifact id: 'c77586084890437b8905c082a2057e62') in 0.600786 seconds 
========================================================================
Received Import Request.
  Time since last request: 0.002936 seconds.
  path: Assets/Models/Corridor/Rug_Corridor.FBX
  artifactKey: Guid(16117d52108da314aaa138a6a9144186) Importer(815301076,1909f56bfc062723c751e8b465ee728b)
Start importing Assets/Models/Corridor/Rug_Corridor.FBX using Guid(16117d52108da314aaa138a6a9144186) Importer(815301076,1909f56bfc062723c751e8b465ee728b)  -> (artifact id: 'b6081747e232777eb7d3afdea4a56e43') in 0.465685 seconds 
========================================================================
Received Import Request.
  Time since last request: 0.000460 seconds.
  path: Assets/Models/Corridor/EndPost.FBX
  artifactKey: Guid(edf38c584e65ce74790703fba4fc33e4) Importer(815301076,1909f56bfc062723c751e8b465ee728b)
Start importing Assets/Models/Corridor/EndPost.FBX using Guid(edf38c584e65ce74790703fba4fc33e4) Importer(815301076,1909f56bfc062723c751e8b465ee728b)  -> (artifact id: '20705adf415b22ecabf2d5107b13b3ab') in 0.491099 seconds 
========================================================================
Received Import Request.
  Time since last request: 0.000462 seconds.
  path: Assets/Models/Corridor/Wall_Window_02.fbx
  artifactKey: Guid(5d88d553abd2ff741bbd24e9fb2ff861) Importer(815301076,1909f56bfc062723c751e8b465ee728b)
Start importing Assets/Models/Corridor/Wall_Window_02.fbx using Guid(5d88d553abd2ff741bbd24e9fb2ff861) Importer(815301076,1909f56bfc062723c751e8b465ee728b)  -> (artifact id: '7bfe7cb483a8010a64c69f46a2c12f60') in 0.828752 seconds 
========================================================================
Received Import Request.
  Time since last request: 0.000548 seconds.
  path: Assets/Models/Corridor/Wall_Windows_Straight.fbx
  artifactKey: Guid(1a07ed1dbd440384c89497a167bde353) Importer(815301076,1909f56bfc062723c751e8b465ee728b)
Start importing Assets/Models/Corridor/Wall_Windows_Straight.fbx using Guid(1a07ed1dbd440384c89497a167bde353) Importer(815301076,1909f56bfc062723c751e8b465ee728b)  -> (artifact id: '71bee6d824995891524505d4cffd52a8') in 0.193539 seconds 
========================================================================
Received Import Request.
  Time since last request: 0.000514 seconds.
  path: Assets/Models/Corridor/Wall_Window_01.fbx
  artifactKey: Guid(2ab013d357382c5429b04e925bca86c9) Importer(815301076,1909f56bfc062723c751e8b465ee728b)
Start importing Assets/Models/Corridor/Wall_Window_01.fbx using Guid(2ab013d357382c5429b04e925bca86c9) Importer(815301076,1909f56bfc062723c751e8b465ee728b)  -> (artifact id: 'a132a547e30b4b21c19ea7a4100b76bf') in 0.093100 seconds 
========================================================================
Received Import Request.
  Time since last request: 0.000570 seconds.
  path: Assets/Models/Corridor/Wall_Straight_02.fbx
  artifactKey: Guid(241f3dc7f2ed74d40a90ce43df5e2f23) Importer(815301076,1909f56bfc062723c751e8b465ee728b)
Start importing Assets/Models/Corridor/Wall_Straight_02.fbx using Guid(241f3dc7f2ed74d40a90ce43df5e2f23) Importer(815301076,1909f56bfc062723c751e8b465ee728b)  -> (artifact id: '9d910903c46358b452ca2d3f7b93947a') in 0.097053 seconds 
========================================================================
Received Import Request.
  Time since last request: 0.000673 seconds.
  path: Assets/Models/Corridor/PictureFrame_CatLady.FBX
  artifactKey: Guid(913d61a5ca2d96d43ba1c709260d55a7) Importer(815301076,1909f56bfc062723c751e8b465ee728b)
Start importing Assets/Models/Corridor/PictureFrame_CatLady.FBX using Guid(913d61a5ca2d96d43ba1c709260d55a7) Importer(815301076,1909f56bfc062723c751e8b465ee728b)  -> (artifact id: '26772a8fb733f01d1ce4959d8bad01fc') in 0.126298 seconds 
========================================================================
Received Import Request.
  Time since last request: 0.003578 seconds.
  path: Assets/Models/Corridor/Light.FBX
  artifactKey: Guid(fc0082b7f28474047b0d08e22d9a0a06) Importer(815301076,1909f56bfc062723c751e8b465ee728b)
Start importing Assets/Models/Corridor/Light.FBX using Guid(fc0082b7f28474047b0d08e22d9a0a06) Importer(815301076,1909f56bfc062723c751e8b465ee728b)  -> (artifact id: 'ed8f3c39a5e9da1c2b3a9c7060299bca') in 0.559530 seconds 
========================================================================
Received Import Request.
  Time since last request: 0.000413 seconds.
  path: Assets/Models/Corridor/Wall_Corner_Interior.fbx
  artifactKey: Guid(9da5aa368549f3e4883e3ca4b3ed05b8) Importer(815301076,1909f56bfc062723c751e8b465ee728b)
Start importing Assets/Models/Corridor/Wall_Corner_Interior.fbx using Guid(9da5aa368549f3e4883e3ca4b3ed05b8) Importer(815301076,1909f56bfc062723c751e8b465ee728b)  -> (artifact id: 'f941089f31649a550be263f7246da79a') in 0.135286 seconds 
========================================================================
Received Import Request.
  Time since last request: 0.000557 seconds.
  path: Assets/Models/Corridor/Door.FBX
  artifactKey: Guid(4f50f81dc956a044fa3c905056d1cc4d) Importer(815301076,1909f56bfc062723c751e8b465ee728b)
Start importing Assets/Models/Corridor/Door.FBX using Guid(4f50f81dc956a044fa3c905056d1cc4d) Importer(815301076,1909f56bfc062723c751e8b465ee728b)  -> (artifact id: '10f0d6067a84e15251eb4e7b34666801') in 0.213783 seconds 
========================================================================
Received Import Request.
  Time since last request: 0.002766 seconds.
  path: Assets/Models/Corridor/PictureFrame_GhostMan.FBX
  artifactKey: Guid(ff679918594d2cb44996e920ec16ca62) Importer(815301076,1909f56bfc062723c751e8b465ee728b)
Start importing Assets/Models/Corridor/PictureFrame_GhostMan.FBX using Guid(ff679918594d2cb44996e920ec16ca62) Importer(815301076,1909f56bfc062723c751e8b465ee728b)  -> (artifact id: '43ed407e7468633700265c80722a5fed') in 0.082011 seconds 
========================================================================
Received Import Request.
  Time since last request: 0.000452 seconds.
  path: Assets/Models/Corridor/Wall_Corner_Exterior_In.fbx
  artifactKey: Guid(ce7c02c9dadf6a6469afbcc32ab786ca) Importer(815301076,1909f56bfc062723c751e8b465ee728b)
Start importing Assets/Models/Corridor/Wall_Corner_Exterior_In.fbx using Guid(ce7c02c9dadf6a6469afbcc32ab786ca) Importer(815301076,1909f56bfc062723c751e8b465ee728b)  -> (artifact id: '21fd23d0799c50b86136bbe7f4725d0d') in 0.061415 seconds 
========================================================================
Received Import Request.
  Time since last request: 0.000413 seconds.
  path: Assets/Models/Corridor/Wall_Corner_Exterior_Out.fbx
  artifactKey: Guid(8a4dc94854ea93147b8b87b7df72a8c1) Importer(815301076,1909f56bfc062723c751e8b465ee728b)
Start importing Assets/Models/Corridor/Wall_Corner_Exterior_Out.fbx using Guid(8a4dc94854ea93147b8b87b7df72a8c1) Importer(815301076,1909f56bfc062723c751e8b465ee728b)  -> (artifact id: '396e08ab95da2bfede61947a1af67422') in 0.063804 seconds 
========================================================================
Received Import Request.
  Time since last request: 0.000405 seconds.
  path: Assets/Models/Corridor/Wall_Straight_Exterior_01.fbx
  artifactKey: Guid(1d270d22136a7e64eabcf39aaaedb613) Importer(815301076,1909f56bfc062723c751e8b465ee728b)
Start importing Assets/Models/Corridor/Wall_Straight_Exterior_01.fbx using Guid(1d270d22136a7e64eabcf39aaaedb613) Importer(815301076,1909f56bfc062723c751e8b465ee728b)  -> (artifact id: 'e4cad0d4b6a09792518decbe4ceaa4f3') in 0.070688 seconds 
========================================================================
Received Import Request.
  Time since last request: 0.000405 seconds.
  path: Assets/Models/Corridor/FloorPlane.fbx
  artifactKey: Guid(79ec22444806b2e4dafc0b51ad057fa1) Importer(815301076,1909f56bfc062723c751e8b465ee728b)
Start importing Assets/Models/Corridor/FloorPlane.fbx using Guid(79ec22444806b2e4dafc0b51ad057fa1) Importer(815301076,1909f56bfc062723c751e8b465ee728b)  -> (artifact id: 'de7920b057a04158ad4fe8fff95a021f') in 0.050810 seconds 
========================================================================
Received Import Request.
  Time since last request: 0.000754 seconds.
  path: Assets/Models/Corridor/Wall_Proto.fbx
  artifactKey: Guid(b65c279af989311408555e47592fb528) Importer(815301076,1909f56bfc062723c751e8b465ee728b)
Start importing Assets/Models/Corridor/Wall_Proto.fbx using Guid(b65c279af989311408555e47592fb528) Importer(815301076,1909f56bfc062723c751e8b465ee728b)  -> (artifact id: '61d34f4f6191f730fca682effec2b93c') in 0.133139 seconds 
========================================================================
Received Import Request.
  Time since last request: 0.000539 seconds.
  path: Assets/Models/Corridor/Wall_Straight_Exterior_03.fbx
  artifactKey: Guid(c11d870118a768c4e9205040e2d8503b) Importer(815301076,1909f56bfc062723c751e8b465ee728b)
Start importing Assets/Models/Corridor/Wall_Straight_Exterior_03.fbx using Guid(c11d870118a768c4e9205040e2d8503b) Importer(815301076,1909f56bfc062723c751e8b465ee728b)  -> (artifact id: '50ba087d9e3a969991b3a663620472dd') in 0.060012 seconds 
========================================================================
Received Import Request.
  Time since last request: 0.000810 seconds.
  path: Assets/Models/Corridor/Wall_Straight_Exterior_02.fbx
  artifactKey: Guid(6a0625cedbf7c6c4c8b9c31e537a9403) Importer(815301076,1909f56bfc062723c751e8b465ee728b)
Start importing Assets/Models/Corridor/Wall_Straight_Exterior_02.fbx using Guid(6a0625cedbf7c6c4c8b9c31e537a9403) Importer(815301076,1909f56bfc062723c751e8b465ee728b)  -> (artifact id: '7ff05c64945c5295258a937d200e0bfe') in 0.184912 seconds 
========================================================================
Received Import Request.
  Time since last request: 0.000496 seconds.
  path: Assets/Models/Corridor/PictureFrame_MrMan.FBX
  artifactKey: Guid(2a56ae9ef7aa4654a96f73bda9a4c2c6) Importer(815301076,1909f56bfc062723c751e8b465ee728b)
Start importing Assets/Models/Corridor/PictureFrame_MrMan.FBX using Guid(2a56ae9ef7aa4654a96f73bda9a4c2c6) Importer(815301076,1909f56bfc062723c751e8b465ee728b)  -> (artifact id: '9fd77f8541b81393151dd3c66d494950') in 0.075384 seconds 
========================================================================
Received Import Request.
  Time since last request: 0.000399 seconds.
  path: Assets/Models/Corridor/PictureFrame_StraightThin.FBX
  artifactKey: Guid(2de78e17331d71b49bd26432f0301b13) Importer(815301076,1909f56bfc062723c751e8b465ee728b)
Start importing Assets/Models/Corridor/PictureFrame_StraightThin.FBX using Guid(2de78e17331d71b49bd26432f0301b13) Importer(815301076,1909f56bfc062723c751e8b465ee728b)  -> (artifact id: 'd78eb6e5f6533d20b49d7dc8ce0f46c9') in 0.117680 seconds 
========================================================================
Received Import Request.
  Time since last request: 0.000642 seconds.
  path: Assets/Models/Corridor/Wall_Straight_01.fbx
  artifactKey: Guid(ca04dfc6bbf3c2e4a9601d58495fff52) Importer(815301076,1909f56bfc062723c751e8b465ee728b)
Start importing Assets/Models/Corridor/Wall_Straight_01.fbx using Guid(ca04dfc6bbf3c2e4a9601d58495fff52) Importer(815301076,1909f56bfc062723c751e8b465ee728b)  -> (artifact id: '313d104fb2fcf0226f6f73c834e4e319') in 0.128777 seconds 
========================================================================
Received Import Request.
  Time since last request: 0.000488 seconds.
  path: Assets/Models/Corridor/Wall_Straight_Exterior_04.fbx
  artifactKey: Guid(cb016b5198f6c0f488522ffdfe7f2cd0) Importer(815301076,1909f56bfc062723c751e8b465ee728b)
Start importing Assets/Models/Corridor/Wall_Straight_Exterior_04.fbx using Guid(cb016b5198f6c0f488522ffdfe7f2cd0) Importer(815301076,1909f56bfc062723c751e8b465ee728b)  -> (artifact id: '53577cee76682906df360e64cfd98096') in 0.061258 seconds 
========================================================================
Received Import Request.
  Time since last request: 0.000612 seconds.
  path: Assets/Models/Corridor/PictureFrame_Curvy.FBX
  artifactKey: Guid(5fc70289fcf1df046a32d969758ff20c) Importer(815301076,1909f56bfc062723c751e8b465ee728b)
Start importing Assets/Models/Corridor/PictureFrame_Curvy.FBX using Guid(5fc70289fcf1df046a32d969758ff20c) Importer(815301076,1909f56bfc062723c751e8b465ee728b)  -> (artifact id: '2e1729b8c075861d0e1040fb202de3ce') in 0.083773 seconds 
========================================================================
Received Prepare
Registering precompiled user dll's ...
Registered in 0.016143 seconds.
Begin MonoManager ReloadAssembly
Symbol file LoadedFromMemory doesn't match image C:\Users\Joey's PC\Desktop\School\Fall 2021\SocialGameDesign\Midterm\Joseph_Di_Lisi_Midterm_Practical\Library\PackageCache\com.unity.visualscripting@1.6.1\Editor\VisualScripting.Core\Dependencies\DotNetZip\Unity.VisualScripting.IonicZip.dll
Symbol file LoadedFromMemory doesn't match image C:\Users\Joey's PC\Desktop\School\Fall 2021\SocialGameDesign\Midterm\Joseph_Di_Lisi_Midterm_Practical\Library\PackageCache\com.unity.visualscripting@1.6.1\Editor\VisualScripting.Core\Dependencies\YamlDotNet\Unity.VisualScripting.YamlDotNet.dll
Native extension for WindowsStandalone target not found
Native extension for WebGL target not found
Refreshing native plugins compatible for Editor in 1.75 ms, found 3 plugins.
Preloading 0 native plugins for Editor in 0.00 ms.
Mono: successfully reloaded assembly
- Completed reload, in  2.243 seconds
Domain Reload Profiling:
	ReloadAssembly (2243ms)
		BeginReloadAssembly (236ms)
			ExecutionOrderSort (0ms)
			DisableScriptedObjects (8ms)
			BackupInstance (0ms)
			ReleaseScriptingObjects (0ms)
			CreateAndSetChildDomain (70ms)
		EndReloadAssembly (1903ms)
			LoadAssemblies (215ms)
			RebuildTransferFunctionScriptingTraits (0ms)
			SetupTypeCache (524ms)
			ReleaseScriptCaches (2ms)
			RebuildScriptCaches (66ms)
			SetupLoadedEditorAssemblies (689ms)
				LogAssemblyErrors (0ms)
				InitializePlatformSupportModulesInManaged (11ms)
				SetLoadedEditorAssemblies (1ms)
				RefreshPlugins (2ms)
				BeforeProcessingInitializeOnLoad (104ms)
				ProcessInitializeOnLoadAttributes (462ms)
				ProcessInitializeOnLoadMethodAttributes (93ms)
				AfterProcessingInitializeOnLoad (17ms)
				EditorAssembliesLoaded (0ms)
			ExecutionOrderSort2 (0ms)
			AwakeInstancesAfterBackupRestoration (10ms)
Platform modules already initialized, skipping
Refreshing native plugins compatible for Editor in 1.20 ms, found 3 plugins.
Preloading 0 native plugins for Editor in 0.00 ms.
Unloading 3760 Unused Serialized files (Serialized files now loaded: 0)
System memory in use before: 140.7 MB.
System memory in use after: 140.9 MB.

Unloading 52 unused Assets to reduce memory usage. Loaded Objects now: 4265.
Total: 10.837100 ms (FindLiveObjects: 0.384100 ms CreateObjectMapping: 0.226700 ms MarkObjects: 10.166500 ms  DeleteObjects: 0.055900 ms)

AssetImportParameters requested are different than current active one (requested -> active):
  custom:framework-win-MediaFoundation: 216162199b28c13a410421893ffa2e32 -> 
  custom:video-decoder-ogg-theora: a1e56fd34408186e4bbccfd4996cb3dc -> 
  custom:container-muxer-webm: aa71ff27fc2769a1b78a27578f13a17b -> 
  custom:container-demuxer-webm: 4f35f7cbe854078d1ac9338744f61a02 -> 
  custom:container-demuxer-ogg: 62fdf1f143b41e24485cea50d1cbac27 -> 
  custom:video-encoder-webm-vp8: eb34c28f22e8b96e1ab97ce403110664 -> 
  custom:video-decoder-webm-vp8: 9c59270c3fd7afecdb556c50c9e8de78 -> 
  custom:audio-decoder-ogg-vorbis: bf7c407c2cedff20999df2af8eb42d56 -> 
  custom:audio-encoder-webm-vorbis: bf7c407c2cedff20999df2af8eb42d56 -> 
========================================================================
Received Import Request.
  Time since last request: 2335.901297 seconds.
  path: Assets/Prefabs/Environment/Corridors/Extras/Door.prefab
  artifactKey: Guid(4db39ff8eb1382142918d7e764f9a873) Importer(815301076,1909f56bfc062723c751e8b465ee728b)
Start importing Assets/Prefabs/Environment/Corridors/Extras/Door.prefab using Guid(4db39ff8eb1382142918d7e764f9a873) Importer(815301076,1909f56bfc062723c751e8b465ee728b)  -> (artifact id: '2002e99dbe1897c089677ba9f57b1efc') in 0.775338 seconds 
========================================================================
Received Import Request.
  Time since last request: 0.001167 seconds.
  path: Assets/Prefabs/Environment/Corridors/Extras/Rug_Corridor.prefab
  artifactKey: Guid(cdb668e0bd1ec0c43945adc98b161be3) Importer(815301076,1909f56bfc062723c751e8b465ee728b)
Start importing Assets/Prefabs/Environment/Corridors/Extras/Rug_Corridor.prefab using Guid(cdb668e0bd1ec0c43945adc98b161be3) Importer(815301076,1909f56bfc062723c751e8b465ee728b)  -> (artifact id: '71cfae60e928950fc33e00e4fff17c17') in 0.337983 seconds 
========================================================================
Received Import Request.
  Time since last request: 0.000554 seconds.
  path: Assets/Prefabs/Environment/Corridors/Extras/Post.prefab
  artifactKey: Guid(a2e43e0b4c0693b4884ff10e89e0e30e) Importer(815301076,1909f56bfc062723c751e8b465ee728b)
Start importing Assets/Prefabs/Environment/Corridors/Extras/Post.prefab using Guid(a2e43e0b4c0693b4884ff10e89e0e30e) Importer(815301076,1909f56bfc062723c751e8b465ee728b)  -> (artifact id: '933958ec56bcb357d12bb4b1c92194a7') in 0.190843 seconds 
========================================================================
Received Import Request.
  Time since last request: 0.000371 seconds.
  path: Assets/Prefabs/Environment/Corridors/Extras/Light.prefab
  artifactKey: Guid(dcd7090f275379c48b8cc28ae5926e0a) Importer(815301076,1909f56bfc062723c751e8b465ee728b)
Start importing Assets/Prefabs/Environment/Corridors/Extras/Light.prefab using Guid(dcd7090f275379c48b8cc28ae5926e0a) Importer(815301076,1909f56bfc062723c751e8b465ee728b)  -> (artifact id: '16bcdb5e6609aaf0665ba6d7ed99bac2') in 0.510600 seconds 
========================================================================
Received Import Request.
  Time since last request: 8.576504 seconds.
  path: Assets/Prefabs/Environment/Diningroom/Extras
  artifactKey: Guid(092fcd89ed246e244a4e35f54a76b8f2) Importer(815301076,1909f56bfc062723c751e8b465ee728b)
Start importing Assets/Prefabs/Environment/Diningroom/Extras using Guid(092fcd89ed246e244a4e35f54a76b8f2) Importer(815301076,1909f56bfc062723c751e8b465ee728b)  -> (artifact id: '7972a759fd3ee2d7ad3f7455c7923fd1') in 0.013258 seconds 
========================================================================
Received Import Request.
  Time since last request: 0.717894 seconds.
  path: Assets/Prefabs/Environment/Diningroom/Extras/Candlestick.prefab
  artifactKey: Guid(d775be624a1870245b73e82cbc922cfc) Importer(815301076,1909f56bfc062723c751e8b465ee728b)
Start importing Assets/Prefabs/Environment/Diningroom/Extras/Candlestick.prefab using Guid(d775be624a1870245b73e82cbc922cfc) Importer(815301076,1909f56bfc062723c751e8b465ee728b)  -> (artifact id: '5f4f435310368f201ffd24567a7b2716') in 0.995762 seconds 
========================================================================
Received Import Request.
  Time since last request: 0.000663 seconds.
  path: Assets/Prefabs/Environment/Diningroom/Extras/Clock.prefab
  artifactKey: Guid(836b935a856cf8842a48d2069e17341f) Importer(815301076,1909f56bfc062723c751e8b465ee728b)
Start importing Assets/Prefabs/Environment/Diningroom/Extras/Clock.prefab using Guid(836b935a856cf8842a48d2069e17341f) Importer(815301076,1909f56bfc062723c751e8b465ee728b)  -> (artifact id: '41f2d1a3ba8dc4640428a741509c9409') in 0.400649 seconds 
========================================================================
Received Import Request.
  Time since last request: 0.000461 seconds.
  path: Assets/Prefabs/Environment/Diningroom/Extras/Chair_2.prefab
  artifactKey: Guid(63d1dcb66a43f6048b46981a4abc3fff) Importer(815301076,1909f56bfc062723c751e8b465ee728b)
Start importing Assets/Prefabs/Environment/Diningroom/Extras/Chair_2.prefab using Guid(63d1dcb66a43f6048b46981a4abc3fff) Importer(815301076,1909f56bfc062723c751e8b465ee728b)  -> (artifact id: '2c8f0624f8a471eab8af3391a828afaf') in 0.364780 seconds 
========================================================================
Received Import Request.
  Time since last request: 0.000655 seconds.
  path: Assets/Prefabs/Environment/Diningroom/Extras/Table.prefab
  artifactKey: Guid(390c961e3e2b03342b3aabdfa362e13a) Importer(815301076,1909f56bfc062723c751e8b465ee728b)
Start importing Assets/Prefabs/Environment/Diningroom/Extras/Table.prefab using Guid(390c961e3e2b03342b3aabdfa362e13a) Importer(815301076,1909f56bfc062723c751e8b465ee728b)  -> (artifact id: '7dc5a92a4dc51440a8f18ae61558dbf4') in 0.500638 seconds 
========================================================================
Received Import Request.
  Time since last request: 0.000566 seconds.
  path: Assets/Prefabs/Environment/Diningroom/Extras/Chair_1.prefab
  artifactKey: Guid(18e8f3cf6fe42a7438059622a10c61db) Importer(815301076,1909f56bfc062723c751e8b465ee728b)
Start importing Assets/Prefabs/Environment/Diningroom/Extras/Chair_1.prefab using Guid(18e8f3cf6fe42a7438059622a10c61db) Importer(815301076,1909f56bfc062723c751e8b465ee728b)  -> (artifact id: '58d85ee1b5414b97377fe24f9b96efb1') in 0.086798 seconds 
========================================================================
Received Import Request.
  Time since last request: 0.000553 seconds.
  path: Assets/Prefabs/Environment/Diningroom/Extras/Rug_Diningroom.prefab
  artifactKey: Guid(fba3762311c1bb54eb2cea0b832496ff) Importer(815301076,1909f56bfc062723c751e8b465ee728b)
Start importing Assets/Prefabs/Environment/Diningroom/Extras/Rug_Diningroom.prefab using Guid(fba3762311c1bb54eb2cea0b832496ff) Importer(815301076,1909f56bfc062723c751e8b465ee728b)  -> (artifact id: '490f33bb015ccf75ee2a0560a73c52d2') in 0.072037 seconds 
========================================================================
Received Import Request.
  Time since last request: 0.000583 seconds.
  path: Assets/Prefabs/Environment/Diningroom/Extras/Dining_Table.prefab
  artifactKey: Guid(5b0f30563ee344b498bf4627617fde32) Importer(815301076,1909f56bfc062723c751e8b465ee728b)
Start importing Assets/Prefabs/Environment/Diningroom/Extras/Dining_Table.prefab using Guid(5b0f30563ee344b498bf4627617fde32) Importer(815301076,1909f56bfc062723c751e8b465ee728b)  -> (artifact id: 'f25bbc3314c59966a1490a783ab87a46') in 0.083080 seconds 
========================================================================
Received Import Request.
  Time since last request: 0.000390 seconds.
  path: Assets/Prefabs/Environment/Diningroom/Extras/Monster_Lamp.prefab
  artifactKey: Guid(c4cfdd186096c1842a81a4293d1b80da) Importer(815301076,1909f56bfc062723c751e8b465ee728b)
Start importing Assets/Prefabs/Environment/Diningroom/Extras/Monster_Lamp.prefab using Guid(c4cfdd186096c1842a81a4293d1b80da) Importer(815301076,1909f56bfc062723c751e8b465ee728b)  -> (artifact id: '9de44a5ba11429a92875e867f17d849b') in 0.447290 seconds 
========================================================================
Received Import Request.
  Time since last request: 0.000409 seconds.
  path: Assets/Prefabs/Environment/Diningroom/Extras/Fireplace.prefab
  artifactKey: Guid(de12a8ff68064d149b96fd74850abce6) Importer(815301076,1909f56bfc062723c751e8b465ee728b)
Start importing Assets/Prefabs/Environment/Diningroom/Extras/Fireplace.prefab using Guid(de12a8ff68064d149b96fd74850abce6) Importer(815301076,1909f56bfc062723c751e8b465ee728b)  -> (artifact id: 'b20dd6c90f65d840e8ffb7a39cb137b5') in 0.467859 seconds 
========================================================================
Received Prepare
Registering precompiled user dll's ...
Registered in 0.013429 seconds.
Begin MonoManager ReloadAssembly
Symbol file LoadedFromMemory doesn't match image C:\Users\Joey's PC\Desktop\School\Fall 2021\SocialGameDesign\Midterm\Joseph_Di_Lisi_Midterm_Practical\Library\PackageCache\com.unity.visualscripting@1.6.1\Editor\VisualScripting.Core\Dependencies\DotNetZip\Unity.VisualScripting.IonicZip.dll
Symbol file LoadedFromMemory doesn't match image C:\Users\Joey's PC\Desktop\School\Fall 2021\SocialGameDesign\Midterm\Joseph_Di_Lisi_Midterm_Practical\Library\PackageCache\com.unity.visualscripting@1.6.1\Editor\VisualScripting.Core\Dependencies\YamlDotNet\Unity.VisualScripting.YamlDotNet.dll
Native extension for WindowsStandalone target not found
Native extension for WebGL target not found
Refreshing native plugins compatible for Editor in 1.54 ms, found 3 plugins.
Preloading 0 native plugins for Editor in 0.00 ms.
Mono: successfully reloaded assembly
- Completed reload, in  1.922 seconds
Domain Reload Profiling:
	ReloadAssembly (1923ms)
		BeginReloadAssembly (214ms)
			ExecutionOrderSort (0ms)
			DisableScriptedObjects (10ms)
			BackupInstance (0ms)
			ReleaseScriptingObjects (0ms)
			CreateAndSetChildDomain (66ms)
		EndReloadAssembly (1604ms)
			LoadAssemblies (176ms)
			RebuildTransferFunctionScriptingTraits (0ms)
			SetupTypeCache (563ms)
			ReleaseScriptCaches (1ms)
			RebuildScriptCaches (70ms)
			SetupLoadedEditorAssemblies (624ms)
				LogAssemblyErrors (0ms)
				InitializePlatformSupportModulesInManaged (9ms)
				SetLoadedEditorAssemblies (1ms)
				RefreshPlugins (2ms)
				BeforeProcessingInitializeOnLoad (126ms)
				ProcessInitializeOnLoadAttributes (379ms)
				ProcessInitializeOnLoadMethodAttributes (96ms)
				AfterProcessingInitializeOnLoad (13ms)
				EditorAssembliesLoaded (0ms)
			ExecutionOrderSort2 (0ms)
			AwakeInstancesAfterBackupRestoration (9ms)
Platform modules already initialized, skipping
Refreshing native plugins compatible for Editor in 1.03 ms, found 3 plugins.
Preloading 0 native plugins for Editor in 0.00 ms.
Unloading 3760 Unused Serialized files (Serialized files now loaded: 0)
System memory in use before: 141.2 MB.
System memory in use after: 141.4 MB.

Unloading 52 unused Assets to reduce memory usage. Loaded Objects now: 4268.
Total: 10.174700 ms (FindLiveObjects: 0.307100 ms CreateObjectMapping: 0.231800 ms MarkObjects: 9.513700 ms  DeleteObjects: 0.120100 ms)

AssetImportParameters requested are different than current active one (requested -> active):
  custom:framework-win-MediaFoundation: 216162199b28c13a410421893ffa2e32 -> 
  custom:video-decoder-ogg-theora: a1e56fd34408186e4bbccfd4996cb3dc -> 
  custom:container-muxer-webm: aa71ff27fc2769a1b78a27578f13a17b -> 
  custom:container-demuxer-webm: 4f35f7cbe854078d1ac9338744f61a02 -> 
  custom:container-demuxer-ogg: 62fdf1f143b41e24485cea50d1cbac27 -> 
  custom:video-encoder-webm-vp8: eb34c28f22e8b96e1ab97ce403110664 -> 
  custom:video-decoder-webm-vp8: 9c59270c3fd7afecdb556c50c9e8de78 -> 
  custom:audio-decoder-ogg-vorbis: bf7c407c2cedff20999df2af8eb42d56 -> 
  custom:audio-encoder-webm-vorbis: bf7c407c2cedff20999df2af8eb42d56 -> 
========================================================================
Received Import Request.
  Time since last request: 1780.802784 seconds.
  path: Assets/Scripts/thirdpersonmovescript.cs
  artifactKey: Guid(35413590d80c6134798e3391ecb8fbcc) Importer(815301076,1909f56bfc062723c751e8b465ee728b)
Start importing Assets/Scripts/thirdpersonmovescript.cs using Guid(35413590d80c6134798e3391ecb8fbcc) Importer(815301076,1909f56bfc062723c751e8b465ee728b)  -> (artifact id: '0dbbea6a66bdec30471eb4a6f2ac2083') in 0.723097 seconds 
========================================================================
Received Import Request.
  Time since last request: 435.258497 seconds.
  path: Assets/Scripts
  artifactKey: Guid(4b32d296f22ef544caf49758d8111991) Importer(815301076,1909f56bfc062723c751e8b465ee728b)
Start importing Assets/Scripts using Guid(4b32d296f22ef544caf49758d8111991) Importer(815301076,1909f56bfc062723c751e8b465ee728b)  -> (artifact id: 'aaf08efa958d3c74a7e5adf8b7c94dfc') in 0.166548 seconds 
========================================================================
Received Import Request.
  Time since last request: 19.976273 seconds.
  path: Assets/Scripts/Coin.cs
  artifactKey: Guid(680c75209a863e547abde9036048b467) Importer(815301076,1909f56bfc062723c751e8b465ee728b)
Start importing Assets/Scripts/Coin.cs using Guid(680c75209a863e547abde9036048b467) Importer(815301076,1909f56bfc062723c751e8b465ee728b)  -> (artifact id: '32d004b885218a0ac7c61e3ecbab317c') in 0.011083 seconds 
========================================================================
Received Prepare
Registering precompiled user dll's ...
Registered in 4.210171 seconds.
Begin MonoManager ReloadAssembly
Symbol file LoadedFromMemory doesn't match image C:\Users\Joey's PC\Desktop\School\Fall 2021\SocialGameDesign\Midterm\Joseph_Di_Lisi_Midterm_Practical\Library\PackageCache\com.unity.visualscripting@1.6.1\Editor\VisualScripting.Core\Dependencies\DotNetZip\Unity.VisualScripting.IonicZip.dll
Symbol file LoadedFromMemory doesn't match image C:\Users\Joey's PC\Desktop\School\Fall 2021\SocialGameDesign\Midterm\Joseph_Di_Lisi_Midterm_Practical\Library\PackageCache\com.unity.visualscripting@1.6.1\Editor\VisualScripting.Core\Dependencies\YamlDotNet\Unity.VisualScripting.YamlDotNet.dll
Native extension for WindowsStandalone target not found
Native extension for WebGL target not found
Refreshing native plugins compatible for Editor in 97.69 ms, found 3 plugins.
Preloading 0 native plugins for Editor in 0.00 ms.
Mono: successfully reloaded assembly
- Completed reload, in 15.602 seconds
Domain Reload Profiling:
	ReloadAssembly (15603ms)
		BeginReloadAssembly (11713ms)
			ExecutionOrderSort (0ms)
			DisableScriptedObjects (1855ms)
			BackupInstance (0ms)
			ReleaseScriptingObjects (36ms)
			CreateAndSetChildDomain (4845ms)
		EndReloadAssembly (3685ms)
			LoadAssemblies (699ms)
			RebuildTransferFunctionScriptingTraits (0ms)
			SetupTypeCache (1114ms)
			ReleaseScriptCaches (2ms)
			RebuildScriptCaches (276ms)
			SetupLoadedEditorAssemblies (1772ms)
				LogAssemblyErrors (0ms)
				InitializePlatformSupportModulesInManaged (8ms)
				SetLoadedEditorAssemblies (1ms)
				RefreshPlugins (98ms)
				BeforeProcessingInitializeOnLoad (464ms)
				ProcessInitializeOnLoadAttributes (1116ms)
				ProcessInitializeOnLoadMethodAttributes (74ms)
				AfterProcessingInitializeOnLoad (12ms)
				EditorAssembliesLoaded (0ms)
			ExecutionOrderSort2 (0ms)
			AwakeInstancesAfterBackupRestoration (8ms)
Platform modules already initialized, skipping
Refreshing native plugins compatible for Editor in 1.68 ms, found 3 plugins.
Preloading 0 native plugins for Editor in 0.00 ms.
Unloading 3761 Unused Serialized files (Serialized files now loaded: 0)
System memory in use before: 141.2 MB.
System memory in use after: 141.5 MB.

Unloading 52 unused Assets to reduce memory usage. Loaded Objects now: 4271.
Total: 51.731100 ms (FindLiveObjects: 0.340200 ms CreateObjectMapping: 0.246000 ms MarkObjects: 50.963700 ms  DeleteObjects: 0.177800 ms)

AssetImportParameters requested are different than current active one (requested -> active):
  custom:framework-win-MediaFoundation: 216162199b28c13a410421893ffa2e32 -> 
  custom:video-decoder-ogg-theora: a1e56fd34408186e4bbccfd4996cb3dc -> 
  custom:container-muxer-webm: aa71ff27fc2769a1b78a27578f13a17b -> 
  custom:container-demuxer-webm: 4f35f7cbe854078d1ac9338744f61a02 -> 
  custom:container-demuxer-ogg: 62fdf1f143b41e24485cea50d1cbac27 -> 
  custom:video-encoder-webm-vp8: eb34c28f22e8b96e1ab97ce403110664 -> 
  custom:video-decoder-webm-vp8: 9c59270c3fd7afecdb556c50c9e8de78 -> 
  custom:audio-decoder-ogg-vorbis: bf7c407c2cedff20999df2af8eb42d56 -> 
  custom:audio-encoder-webm-vorbis: bf7c407c2cedff20999df2af8eb42d56 -> 
========================================================================
Received Prepare
Registering precompiled user dll's ...
Registered in 0.012094 seconds.
Begin MonoManager ReloadAssembly
Symbol file LoadedFromMemory doesn't match image C:\Users\Joey's PC\Desktop\School\Fall 2021\SocialGameDesign\Midterm\Joseph_Di_Lisi_Midterm_Practical\Library\PackageCache\com.unity.visualscripting@1.6.1\Editor\VisualScripting.Core\Dependencies\DotNetZip\Unity.VisualScripting.IonicZip.dll
Symbol file LoadedFromMemory doesn't match image C:\Users\Joey's PC\Desktop\School\Fall 2021\SocialGameDesign\Midterm\Joseph_Di_Lisi_Midterm_Practical\Library\PackageCache\com.unity.visualscripting@1.6.1\Editor\VisualScripting.Core\Dependencies\YamlDotNet\Unity.VisualScripting.YamlDotNet.dll
Native extension for WindowsStandalone target not found
Native extension for WebGL target not found
Refreshing native plugins compatible for Editor in 1.40 ms, found 3 plugins.
Preloading 0 native plugins for Editor in 0.00 ms.
Mono: successfully reloaded assembly
- Completed reload, in  2.159 seconds
Domain Reload Profiling:
	ReloadAssembly (2160ms)
		BeginReloadAssembly (318ms)
			ExecutionOrderSort (0ms)
			DisableScriptedObjects (8ms)
			BackupInstance (0ms)
			ReleaseScriptingObjects (0ms)
			CreateAndSetChildDomain (54ms)
		EndReloadAssembly (1748ms)
			LoadAssemblies (316ms)
			RebuildTransferFunctionScriptingTraits (0ms)
			SetupTypeCache (468ms)
			ReleaseScriptCaches (2ms)
			RebuildScriptCaches (81ms)
			SetupLoadedEditorAssemblies (774ms)
				LogAssemblyErrors (0ms)
				InitializePlatformSupportModulesInManaged (7ms)
				SetLoadedEditorAssemblies (0ms)
				RefreshPlugins (2ms)
				BeforeProcessingInitializeOnLoad (210ms)
				ProcessInitializeOnLoadAttributes (436ms)
				ProcessInitializeOnLoadMethodAttributes (104ms)
				AfterProcessingInitializeOnLoad (13ms)
				EditorAssembliesLoaded (0ms)
			ExecutionOrderSort2 (0ms)
			AwakeInstancesAfterBackupRestoration (11ms)
Platform modules already initialized, skipping
Refreshing native plugins compatible for Editor in 3.10 ms, found 3 plugins.
Preloading 0 native plugins for Editor in 0.00 ms.
Unloading 3761 Unused Serialized files (Serialized files now loaded: 0)
System memory in use before: 141.2 MB.
System memory in use after: 141.5 MB.

Unloading 52 unused Assets to reduce memory usage. Loaded Objects now: 4273.
Total: 9.713000 ms (FindLiveObjects: 0.639400 ms CreateObjectMapping: 0.731800 ms MarkObjects: 8.297300 ms  DeleteObjects: 0.035600 ms)

AssetImportParameters requested are different than current active one (requested -> active):
  custom:framework-win-MediaFoundation: 216162199b28c13a410421893ffa2e32 -> 
  custom:video-decoder-ogg-theora: a1e56fd34408186e4bbccfd4996cb3dc -> 
  custom:container-muxer-webm: aa71ff27fc2769a1b78a27578f13a17b -> 
  custom:container-demuxer-webm: 4f35f7cbe854078d1ac9338744f61a02 -> 
  custom:container-demuxer-ogg: 62fdf1f143b41e24485cea50d1cbac27 -> 
  custom:video-encoder-webm-vp8: eb34c28f22e8b96e1ab97ce403110664 -> 
  custom:video-decoder-webm-vp8: 9c59270c3fd7afecdb556c50c9e8de78 -> 
  custom:audio-decoder-ogg-vorbis: bf7c407c2cedff20999df2af8eb42d56 -> 
  custom:audio-encoder-webm-vorbis: bf7c407c2cedff20999df2af8eb42d56 -> 
========================================================================
Received Import Request.
  Time since last request: 1154.054710 seconds.
  path: Assets/Scripts/Coin.cs
  artifactKey: Guid(680c75209a863e547abde9036048b467) Importer(815301076,1909f56bfc062723c751e8b465ee728b)
Start importing Assets/Scripts/Coin.cs using Guid(680c75209a863e547abde9036048b467) Importer(815301076,1909f56bfc062723c751e8b465ee728b)  -> (artifact id: '0053a791a79d16b6cd0bc9105ebdf581') in 0.244348 seconds 
========================================================================
Received Prepare
Registering precompiled user dll's ...
Registered in 0.013981 seconds.
Begin MonoManager ReloadAssembly
Symbol file LoadedFromMemory doesn't match image C:\Users\Joey's PC\Desktop\School\Fall 2021\SocialGameDesign\Midterm\Joseph_Di_Lisi_Midterm_Practical\Library\PackageCache\com.unity.visualscripting@1.6.1\Editor\VisualScripting.Core\Dependencies\DotNetZip\Unity.VisualScripting.IonicZip.dll
Symbol file LoadedFromMemory doesn't match image C:\Users\Joey's PC\Desktop\School\Fall 2021\SocialGameDesign\Midterm\Joseph_Di_Lisi_Midterm_Practical\Library\PackageCache\com.unity.visualscripting@1.6.1\Editor\VisualScripting.Core\Dependencies\YamlDotNet\Unity.VisualScripting.YamlDotNet.dll
Native extension for WindowsStandalone target not found
Native extension for WebGL target not found
Refreshing native plugins compatible for Editor in 1.08 ms, found 3 plugins.
Preloading 0 native plugins for Editor in 0.00 ms.
Mono: successfully reloaded assembly
- Completed reload, in  2.350 seconds
Domain Reload Profiling:
	ReloadAssembly (2351ms)
		BeginReloadAssembly (308ms)
			ExecutionOrderSort (0ms)
			DisableScriptedObjects (8ms)
			BackupInstance (0ms)
			ReleaseScriptingObjects (0ms)
			CreateAndSetChildDomain (54ms)
		EndReloadAssembly (1871ms)
			LoadAssemblies (270ms)
			RebuildTransferFunctionScriptingTraits (0ms)
			SetupTypeCache (650ms)
			ReleaseScriptCaches (1ms)
			RebuildScriptCaches (72ms)
			SetupLoadedEditorAssemblies (771ms)
				LogAssemblyErrors (0ms)
				InitializePlatformSupportModulesInManaged (7ms)
				SetLoadedEditorAssemblies (1ms)
				RefreshPlugins (1ms)
				BeforeProcessingInitializeOnLoad (108ms)
				ProcessInitializeOnLoadAttributes (539ms)
				ProcessInitializeOnLoadMethodAttributes (102ms)
				AfterProcessingInitializeOnLoad (12ms)
				EditorAssembliesLoaded (0ms)
			ExecutionOrderSort2 (0ms)
			AwakeInstancesAfterBackupRestoration (9ms)
Platform modules already initialized, skipping
Refreshing native plugins compatible for Editor in 1.13 ms, found 3 plugins.
Preloading 0 native plugins for Editor in 0.00 ms.
Unloading 3761 Unused Serialized files (Serialized files now loaded: 0)
System memory in use before: 141.3 MB.
System memory in use after: 141.5 MB.

Unloading 52 unused Assets to reduce memory usage. Loaded Objects now: 4275.
Total: 7.267300 ms (FindLiveObjects: 0.356100 ms CreateObjectMapping: 0.202600 ms MarkObjects: 6.647600 ms  DeleteObjects: 0.060000 ms)

AssetImportParameters requested are different than current active one (requested -> active):
  custom:framework-win-MediaFoundation: 216162199b28c13a410421893ffa2e32 -> 
  custom:video-decoder-ogg-theora: a1e56fd34408186e4bbccfd4996cb3dc -> 
  custom:container-muxer-webm: aa71ff27fc2769a1b78a27578f13a17b -> 
  custom:container-demuxer-webm: 4f35f7cbe854078d1ac9338744f61a02 -> 
  custom:container-demuxer-ogg: 62fdf1f143b41e24485cea50d1cbac27 -> 
  custom:video-encoder-webm-vp8: eb34c28f22e8b96e1ab97ce403110664 -> 
  custom:video-decoder-webm-vp8: 9c59270c3fd7afecdb556c50c9e8de78 -> 
  custom:audio-decoder-ogg-vorbis: bf7c407c2cedff20999df2af8eb42d56 -> 
  custom:audio-encoder-webm-vorbis: bf7c407c2cedff20999df2af8eb42d56 -> 
========================================================================
Received Import Request.
  Time since last request: 61.794836 seconds.
  path: ProjectSettings/TagManager.asset
  artifactKey: Guid(00000000000000003000000000000000) Importer(815301076,1909f56bfc062723c751e8b465ee728b)
Start importing ProjectSettings/TagManager.asset using Guid(00000000000000003000000000000000) Importer(815301076,1909f56bfc062723c751e8b465ee728b)  -> (artifact id: 'ce6a35c3cddc746e7501c0bd0ed6d4ce') in 1.151954 seconds 
========================================================================
Received Import Request.
  Time since last request: 36.404873 seconds.
  path: Assets/Scripts/StartButton.cs
  artifactKey: Guid(78b356b78d6408045b40cf773ee32195) Importer(815301076,1909f56bfc062723c751e8b465ee728b)
Start importing Assets/Scripts/StartButton.cs using Guid(78b356b78d6408045b40cf773ee32195) Importer(815301076,1909f56bfc062723c751e8b465ee728b)  -> (artifact id: '88f985ace003aff56ad747b2479b7a6e') in 0.062422 seconds 
========================================================================
Received Import Request.
  Time since last request: 18.302784 seconds.
  path: Assets/Scenes/End.unity
  artifactKey: Guid(c552904274e3f544da464e55c5c779cc) Importer(815301076,1909f56bfc062723c751e8b465ee728b)
Start importing Assets/Scenes/End.unity using Guid(c552904274e3f544da464e55c5c779cc) Importer(815301076,1909f56bfc062723c751e8b465ee728b)  -> (artifact id: 'b39b9537ea43ea1a90ee7d9f56dc4333') in 0.114751 seconds 
